#
# There is insufficient memory for the Java Runtime Environment to continue.
# Native memory allocation (malloc) failed to allocate 2307200 bytes. Error detail: Chunk::new
# Possible reasons:
#   The system is out of physical RAM or swap space
#   This process is running with CompressedOops enabled, and the Java Heap may be blocking the growth of the native heap
# Possible solutions:
#   Reduce memory load on the system
#   Increase physical memory or swap space
#   Check if swap backing store is full
#   Decrease Java heap size (-Xmx/-Xms)
#   Decrease number of Java threads
#   Decrease Java thread stack sizes (-Xss)
#   Set larger code cache with -XX:ReservedCodeCacheSize=
#   JVM is running with Unscaled Compressed Oops mode in which the Java heap is
#     placed in the first 4GB address space. The Java Heap base address is the
#     maximum limit for the native heap growth. Please use -XX:HeapBaseMinAddress
#     to set the Java Heap base and to place the Java Heap above 4GB virtual address.
# This output file may be truncated or incomplete.
#
#  Out of Memory Error (arena.cpp:168), pid=20608, tid=3280
#
# JRE version: OpenJDK Runtime Environment Temurin-21.0.10+7 (21.0.10+7) (build 21.0.10+7-LTS)
# Java VM: OpenJDK 64-Bit Server VM Temurin-21.0.10+7 (21.0.10+7-LTS, mixed mode, sharing, tiered, compressed oops, compressed class ptrs, g1 gc, windows-amd64)
# No core dump will be written. Minidumps are not enabled by default on client versions of Windows
#

---------------  S U M M A R Y ------------

Command Line: --add-opens=java.base/java.util=ALL-UNNAMED --add-opens=java.base/java.lang=ALL-UNNAMED --add-opens=java.base/java.lang.invoke=ALL-UNNAMED --add-opens=java.base/java.util=ALL-UNNAMED --add-opens=java.prefs/java.util.prefs=ALL-UNNAMED --add-opens=java.prefs/java.util.prefs=ALL-UNNAMED --add-opens=java.base/java.nio.charset=ALL-UNNAMED --add-opens=java.base/java.net=ALL-UNNAMED --add-opens=java.base/java.util.concurrent.atomic=ALL-UNNAMED -Xmx1536M -Dfile.encoding=utf8 -Duser.country=MY -Duser.language=en -Duser.variant org.gradle.launcher.daemon.bootstrap.GradleDaemon 7.4.2

Host: 13th Gen Intel(R) Core(TM) i5-1334U, 12 cores, 7G,  Windows 11 , 64 bit Build 26100 (10.0.26100.8328)
Time: Mon May 18 16:41:48 2026 India Standard Time elapsed time: 9.635215 seconds (0d 0h 0m 9s)

---------------  T H R E A D  ---------------

Current thread (0x00000286fe8fc4b0):  JavaThread "C2 CompilerThread0" daemon [_thread_in_native, id=3280, stack(0x000000f4be800000,0x000000f4be900000) (1024K)]


Current CompileTask:
C2:9635 2579   !   4       java.lang.ClassLoader::loadClass (121 bytes)

Stack: [0x000000f4be800000,0x000000f4be900000]
Native frames: (J=compiled Java code, j=interpreted, Vv=VM code, C=native code)
V  [jvm.dll+0x6d7a39]
V  [jvm.dll+0x8b4b26]
V  [jvm.dll+0x8b70de]
V  [jvm.dll+0x8b77c3]
V  [jvm.dll+0x284346]
V  [jvm.dll+0xc66ed]
V  [jvm.dll+0xc6c31]
V  [jvm.dll+0x3bec3b]
V  [jvm.dll+0x1e3f69]
V  [jvm.dll+0x24c6b3]
V  [jvm.dll+0x24bb40]
V  [jvm.dll+0x1cb34e]
V  [jvm.dll+0x25b85d]
V  [jvm.dll+0x259dea]
V  [jvm.dll+0x3f857e]
V  [jvm.dll+0x85f59d]
V  [jvm.dll+0x6d626d]
C  [ucrtbase.dll+0x37b0]
C  [KERNEL32.DLL+0x2e957]
C  [ntdll.dll+0x427c]


---------------  P R O C E S S  ---------------

Threads class SMR info:
_java_thread_list=0x00000286febcca30, length=25, elements={
0x00000286f42f9390, 0x00000286fe8f5d40, 0x00000286fe8f67a0, 0x00000286fe8f9210,
0x00000286fe8f9c70, 0x00000286fe8fa800, 0x00000286fe8fb390, 0x00000286fe8fc4b0,
0x00000286fe905330, 0x00000286fea5ba70, 0x00000286feaa4890, 0x00000286d4fad7d0,
0x00000286d4900fa0, 0x00000286d47bec10, 0x00000286d4a57f10, 0x00000286d4c34040,
0x00000286d4230b20, 0x00000286d458f4e0, 0x00000286d45765a0, 0x00000286d4579a20,
0x00000286d4576c30, 0x00000286d45772c0, 0x00000286d4577950, 0x00000286d4577fe0,
0x00000286d62faf20
}

Java Threads: ( => current thread )
  0x00000286f42f9390 JavaThread "main"                              [_thread_blocked, id=3528, stack(0x000000f4bda00000,0x000000f4bdb00000) (1024K)]
  0x00000286fe8f5d40 JavaThread "Reference Handler"          daemon [_thread_blocked, id=11524, stack(0x000000f4be200000,0x000000f4be300000) (1024K)]
  0x00000286fe8f67a0 JavaThread "Finalizer"                  daemon [_thread_blocked, id=23424, stack(0x000000f4be300000,0x000000f4be400000) (1024K)]
  0x00000286fe8f9210 JavaThread "Signal Dispatcher"          daemon [_thread_blocked, id=12820, stack(0x000000f4be400000,0x000000f4be500000) (1024K)]
  0x00000286fe8f9c70 JavaThread "Attach Listener"            daemon [_thread_blocked, id=21636, stack(0x000000f4be500000,0x000000f4be600000) (1024K)]
  0x00000286fe8fa800 JavaThread "Service Thread"             daemon [_thread_blocked, id=28484, stack(0x000000f4be600000,0x000000f4be700000) (1024K)]
  0x00000286fe8fb390 JavaThread "Monitor Deflation Thread"   daemon [_thread_blocked, id=5156, stack(0x000000f4be700000,0x000000f4be800000) (1024K)]
=>0x00000286fe8fc4b0 JavaThread "C2 CompilerThread0"         daemon [_thread_in_native, id=3280, stack(0x000000f4be800000,0x000000f4be900000) (1024K)]
  0x00000286fe905330 JavaThread "C1 CompilerThread0"         daemon [_thread_blocked, id=11012, stack(0x000000f4be900000,0x000000f4bea00000) (1024K)]
  0x00000286fea5ba70 JavaThread "Notification Thread"        daemon [_thread_blocked, id=19072, stack(0x000000f4bea00000,0x000000f4beb00000) (1024K)]
  0x00000286feaa4890 JavaThread "Common-Cleaner"             daemon [_thread_blocked, id=12404, stack(0x000000f4beb00000,0x000000f4bec00000) (1024K)]
  0x00000286d4fad7d0 JavaThread "Daemon health stats"               [_thread_blocked, id=26436, stack(0x000000f4bf100000,0x000000f4bf200000) (1024K)]
  0x00000286d4900fa0 JavaThread "Incoming local TCP Connector on port 59922"        [_thread_in_native, id=5408, stack(0x000000f4bef00000,0x000000f4bf000000) (1024K)]
  0x00000286d47bec10 JavaThread "Daemon periodic checks"            [_thread_in_Java, id=26228, stack(0x000000f4bf200000,0x000000f4bf300000) (1024K)]
  0x00000286d4a57f10 JavaThread "Daemon"                            [_thread_blocked, id=18928, stack(0x000000f4bf300000,0x000000f4bf400000) (1024K)]
  0x00000286d4c34040 JavaThread "Handler for socket connection from /127.0.0.1:59922 to /127.0.0.1:59923"        [_thread_in_native, id=19532, stack(0x000000f4bf400000,0x000000f4bf500000) (1024K)]
  0x00000286d4230b20 JavaThread "Cancel handler"                    [_thread_blocked, id=8416, stack(0x000000f4bf500000,0x000000f4bf600000) (1024K)]
  0x00000286d458f4e0 JavaThread "Daemon worker"                     [_thread_in_native, id=26116, stack(0x000000f4bf600000,0x000000f4bf700000) (1024K)]
  0x00000286d45765a0 JavaThread "Asynchronous log dispatcher for DefaultDaemonConnection: socket connection from /127.0.0.1:59922 to /127.0.0.1:59923"        [_thread_blocked, id=29328, stack(0x000000f4bf700000,0x000000f4bf800000) (1024K)]
  0x00000286d4579a20 JavaThread "Stdin handler"                     [_thread_blocked, id=28500, stack(0x000000f4bf800000,0x000000f4bf900000) (1024K)]
  0x00000286d4576c30 JavaThread "Daemon client event forwarder"        [_thread_blocked, id=25880, stack(0x000000f4bf900000,0x000000f4bfa00000) (1024K)]
  0x00000286d45772c0 JavaThread "Cache worker for journal cache (C:\Users\rahee\scoop\apps\gradle\current\.gradle\caches\journal-1)"        [_thread_blocked, id=24556, stack(0x000000f4bfa00000,0x000000f4bfb00000) (1024K)]
  0x00000286d4577950 JavaThread "File lock request listener"        [_thread_in_native, id=14728, stack(0x000000f4bfb00000,0x000000f4bfc00000) (1024K)]
  0x00000286d4577fe0 JavaThread "Cache worker for file hash cache (C:\Users\rahee\scoop\apps\gradle\current\.gradle\caches\7.4.2\fileHashes)"        [_thread_blocked, id=10804, stack(0x000000f4bfc00000,0x000000f4bfd00000) (1024K)]
  0x00000286d62faf20 JavaThread "C2 CompilerThread1"         daemon [_thread_in_native, id=22816, stack(0x000000f4bfd00000,0x000000f4bfe00000) (1024K)]
Total: 25

Other Threads:
  0x00000286fe8d5510 VMThread "VM Thread"                           [id=22104, stack(0x000000f4be100000,0x000000f4be200000) (1024K)]
  0x00000286fe8c7470 WatcherThread "VM Periodic Task Thread"        [id=25932, stack(0x000000f4be000000,0x000000f4be100000) (1024K)]
  0x00000286f6798660 WorkerThread "GC Thread#0"                     [id=18764, stack(0x000000f4bdb00000,0x000000f4bdc00000) (1024K)]
  0x00000286d400ac70 WorkerThread "GC Thread#1"                     [id=4992, stack(0x000000f4bec00000,0x000000f4bed00000) (1024K)]
  0x00000286d402baf0 WorkerThread "GC Thread#2"                     [id=8404, stack(0x000000f4bed00000,0x000000f4bee00000) (1024K)]
  0x00000286d412edd0 WorkerThread "GC Thread#3"                     [id=21752, stack(0x000000f4bee00000,0x000000f4bef00000) (1024K)]
  0x00000286d429d3d0 WorkerThread "GC Thread#4"                     [id=25004, stack(0x000000f4bf000000,0x000000f4bf100000) (1024K)]
  0x00000286d66867c0 WorkerThread "GC Thread#5"                     [id=23928, stack(0x000000f4bfe00000,0x000000f4bff00000) (1024K)]
  0x00000286d59d83f0 WorkerThread "GC Thread#6"                     [id=21608, stack(0x000000f4bff00000,0x000000f4c0000000) (1024K)]
  0x00000286d59d87a0 WorkerThread "GC Thread#7"                     [id=10936, stack(0x000000f4c0000000,0x000000f4c0100000) (1024K)]
  0x00000286d64ed270 WorkerThread "GC Thread#8"                     [id=22656, stack(0x000000f4c0100000,0x000000f4c0200000) (1024K)]
  0x00000286d64ee130 WorkerThread "GC Thread#9"                     [id=4264, stack(0x000000f4c0200000,0x000000f4c0300000) (1024K)]
  0x00000286f67a6b80 ConcurrentGCThread "G1 Main Marker"            [id=8152, stack(0x000000f4bdc00000,0x000000f4bdd00000) (1024K)]
  0x00000286f67a75a0 WorkerThread "G1 Conc#0"                       [id=27284, stack(0x000000f4bdd00000,0x000000f4bde00000) (1024K)]
  0x00000286fe785da0 ConcurrentGCThread "G1 Refine#0"               [id=28620, stack(0x000000f4bde00000,0x000000f4bdf00000) (1024K)]
  0x00000286fe7875e0 ConcurrentGCThread "G1 Service"                [id=22608, stack(0x000000f4bdf00000,0x000000f4be000000) (1024K)]
Total: 16

Threads with active compile tasks:
C2 CompilerThread0  13809 2579   !   4       java.lang.ClassLoader::loadClass (121 bytes)
C2 CompilerThread1  13809 2719   !   4       java.net.URLClassLoader::findClass (47 bytes)
Total: 2

VM state: not at safepoint (normal execution)

VM Mutex/Monitor currently owned by a thread: None

Heap address: 0x00000000a0000000, size: 1536 MB, Compressed Oops mode: 32-bit

CDS archive(s) mapped at: [0x000002868f000000-0x000002868fba0000-0x000002868fba0000), size 12189696, SharedBaseAddress: 0x000002868f000000, ArchiveRelocationMode: 1.
Compressed class space mapped at: 0x0000028690000000-0x00000286d0000000, reserved size: 1073741824
Narrow klass base: 0x000002868f000000, Narrow klass shift: 0, Narrow klass range: 0x100000000

GC Precious Log:
 CardTable entry size: 512
 Card Set container configuration: InlinePtr #cards 5 size 8 Array Of Cards #cards 12 size 40 Howl #buckets 4 coarsen threshold 1843 Howl Bitmap #cards 512 size 80 coarsen threshold 460 Card regions per heap region 1 cards per card region 2048
 CPUs: 12 total, 12 available
 Memory: 7876M
 Large Page Support: Disabled
 NUMA Support: Disabled
 Compressed Oops: Enabled (32-bit)
 Heap Region Size: 1M
 Heap Min Capacity: 8M
 Heap Initial Capacity: 124M
 Heap Max Capacity: 1536M
 Pre-touch: Disabled
 Parallel Workers: 10
 Concurrent Workers: 3
 Concurrent Refinement Workers: 10
 Periodic GC: Disabled

Heap:
 garbage-first heap   total 126976K, used 21341K [0x00000000a0000000, 0x0000000100000000)
  region size 1024K, 12 young (12288K), 10 survivors (10240K)
 Metaspace       used 17943K, committed 18560K, reserved 1114112K
  class space    used 2649K, committed 2944K, reserved 1048576K

Heap Regions: E=young(eden), S=young(survivor), O=old, HS=humongous(starts), HC=humongous(continues), CS=collection set, F=free, TAMS=top-at-mark-start, PB=parsable bottom
|   0|0x00000000a0000000, 0x00000000a00d7780, 0x00000000a0100000| 84%| O|  |TAMS 0x00000000a0000000| PB 0x00000000a0000000| Untracked 
|   1|0x00000000a0100000, 0x00000000a0200000, 0x00000000a0200000|100%| O|  |TAMS 0x00000000a0100000| PB 0x00000000a0100000| Untracked 
|   2|0x00000000a0200000, 0x00000000a0300000, 0x00000000a0300000|100%| O|  |TAMS 0x00000000a0200000| PB 0x00000000a0200000| Untracked 
|   3|0x00000000a0300000, 0x00000000a0400000, 0x00000000a0400000|100%|HS|  |TAMS 0x00000000a0300000| PB 0x00000000a0300000| Complete 
|   4|0x00000000a0400000, 0x00000000a0500000, 0x00000000a0500000|100%|HC|  |TAMS 0x00000000a0400000| PB 0x00000000a0400000| Complete 
|   5|0x00000000a0500000, 0x00000000a0600000, 0x00000000a0600000|100%|HC|  |TAMS 0x00000000a0500000| PB 0x00000000a0500000| Complete 
|   6|0x00000000a0600000, 0x00000000a0700000, 0x00000000a0700000|100%| O|  |TAMS 0x00000000a0600000| PB 0x00000000a0600000| Untracked 
|   7|0x00000000a0700000, 0x00000000a0800000, 0x00000000a0800000|100%| O|  |TAMS 0x00000000a0700000| PB 0x00000000a0700000| Untracked 
|   8|0x00000000a0800000, 0x00000000a0900000, 0x00000000a0900000|100%| O|  |TAMS 0x00000000a0800000| PB 0x00000000a0800000| Untracked 
|   9|0x00000000a0900000, 0x00000000a0a00000, 0x00000000a0a00000|100%| O|  |TAMS 0x00000000a0900000| PB 0x00000000a0900000| Untracked 
|  10|0x00000000a0a00000, 0x00000000a0a00000, 0x00000000a0b00000|  0%| F|  |TAMS 0x00000000a0a00000| PB 0x00000000a0a00000| Untracked 
|  11|0x00000000a0b00000, 0x00000000a0b00000, 0x00000000a0c00000|  0%| F|  |TAMS 0x00000000a0b00000| PB 0x00000000a0b00000| Untracked 
|  12|0x00000000a0c00000, 0x00000000a0c00000, 0x00000000a0d00000|  0%| F|  |TAMS 0x00000000a0c00000| PB 0x00000000a0c00000| Untracked 
|  13|0x00000000a0d00000, 0x00000000a0d00000, 0x00000000a0e00000|  0%| F|  |TAMS 0x00000000a0d00000| PB 0x00000000a0d00000| Untracked 
|  14|0x00000000a0e00000, 0x00000000a0e00000, 0x00000000a0f00000|  0%| F|  |TAMS 0x00000000a0e00000| PB 0x00000000a0e00000| Untracked 
|  15|0x00000000a0f00000, 0x00000000a0f00000, 0x00000000a1000000|  0%| F|  |TAMS 0x00000000a0f00000| PB 0x00000000a0f00000| Untracked 
|  16|0x00000000a1000000, 0x00000000a1000000, 0x00000000a1100000|  0%| F|  |TAMS 0x00000000a1000000| PB 0x00000000a1000000| Untracked 
|  17|0x00000000a1100000, 0x00000000a1100000, 0x00000000a1200000|  0%| F|  |TAMS 0x00000000a1100000| PB 0x00000000a1100000| Untracked 
|  18|0x00000000a1200000, 0x00000000a1200000, 0x00000000a1300000|  0%| F|  |TAMS 0x00000000a1200000| PB 0x00000000a1200000| Untracked 
|  19|0x00000000a1300000, 0x00000000a1300000, 0x00000000a1400000|  0%| F|  |TAMS 0x00000000a1300000| PB 0x00000000a1300000| Untracked 
|  20|0x00000000a1400000, 0x00000000a1400000, 0x00000000a1500000|  0%| F|  |TAMS 0x00000000a1400000| PB 0x00000000a1400000| Untracked 
|  21|0x00000000a1500000, 0x00000000a1500000, 0x00000000a1600000|  0%| F|  |TAMS 0x00000000a1500000| PB 0x00000000a1500000| Untracked 
|  22|0x00000000a1600000, 0x00000000a1600000, 0x00000000a1700000|  0%| F|  |TAMS 0x00000000a1600000| PB 0x00000000a1600000| Untracked 
|  23|0x00000000a1700000, 0x00000000a1700000, 0x00000000a1800000|  0%| F|  |TAMS 0x00000000a1700000| PB 0x00000000a1700000| Untracked 
|  24|0x00000000a1800000, 0x00000000a1800000, 0x00000000a1900000|  0%| F|  |TAMS 0x00000000a1800000| PB 0x00000000a1800000| Untracked 
|  25|0x00000000a1900000, 0x00000000a1900000, 0x00000000a1a00000|  0%| F|  |TAMS 0x00000000a1900000| PB 0x00000000a1900000| Untracked 
|  26|0x00000000a1a00000, 0x00000000a1a00000, 0x00000000a1b00000|  0%| F|  |TAMS 0x00000000a1a00000| PB 0x00000000a1a00000| Untracked 
|  27|0x00000000a1b00000, 0x00000000a1b00000, 0x00000000a1c00000|  0%| F|  |TAMS 0x00000000a1b00000| PB 0x00000000a1b00000| Untracked 
|  28|0x00000000a1c00000, 0x00000000a1c00000, 0x00000000a1d00000|  0%| F|  |TAMS 0x00000000a1c00000| PB 0x00000000a1c00000| Untracked 
|  29|0x00000000a1d00000, 0x00000000a1d00000, 0x00000000a1e00000|  0%| F|  |TAMS 0x00000000a1d00000| PB 0x00000000a1d00000| Untracked 
|  30|0x00000000a1e00000, 0x00000000a1e00000, 0x00000000a1f00000|  0%| F|  |TAMS 0x00000000a1e00000| PB 0x00000000a1e00000| Untracked 
|  31|0x00000000a1f00000, 0x00000000a1f00000, 0x00000000a2000000|  0%| F|  |TAMS 0x00000000a1f00000| PB 0x00000000a1f00000| Untracked 
|  32|0x00000000a2000000, 0x00000000a2000000, 0x00000000a2100000|  0%| F|  |TAMS 0x00000000a2000000| PB 0x00000000a2000000| Untracked 
|  33|0x00000000a2100000, 0x00000000a2100000, 0x00000000a2200000|  0%| F|  |TAMS 0x00000000a2100000| PB 0x00000000a2100000| Untracked 
|  34|0x00000000a2200000, 0x00000000a2200000, 0x00000000a2300000|  0%| F|  |TAMS 0x00000000a2200000| PB 0x00000000a2200000| Untracked 
|  35|0x00000000a2300000, 0x00000000a2300000, 0x00000000a2400000|  0%| F|  |TAMS 0x00000000a2300000| PB 0x00000000a2300000| Untracked 
|  36|0x00000000a2400000, 0x00000000a2400000, 0x00000000a2500000|  0%| F|  |TAMS 0x00000000a2400000| PB 0x00000000a2400000| Untracked 
|  37|0x00000000a2500000, 0x00000000a2500000, 0x00000000a2600000|  0%| F|  |TAMS 0x00000000a2500000| PB 0x00000000a2500000| Untracked 
|  38|0x00000000a2600000, 0x00000000a2600000, 0x00000000a2700000|  0%| F|  |TAMS 0x00000000a2600000| PB 0x00000000a2600000| Untracked 
|  39|0x00000000a2700000, 0x00000000a2700000, 0x00000000a2800000|  0%| F|  |TAMS 0x00000000a2700000| PB 0x00000000a2700000| Untracked 
|  40|0x00000000a2800000, 0x00000000a2900000, 0x00000000a2900000|100%| S|CS|TAMS 0x00000000a2800000| PB 0x00000000a2800000| Complete 
|  41|0x00000000a2900000, 0x00000000a2a00000, 0x00000000a2a00000|100%| S|CS|TAMS 0x00000000a2900000| PB 0x00000000a2900000| Complete 
|  42|0x00000000a2a00000, 0x00000000a2b00000, 0x00000000a2b00000|100%| S|CS|TAMS 0x00000000a2a00000| PB 0x00000000a2a00000| Complete 
|  43|0x00000000a2b00000, 0x00000000a2c00000, 0x00000000a2c00000|100%| S|CS|TAMS 0x00000000a2b00000| PB 0x00000000a2b00000| Complete 
|  44|0x00000000a2c00000, 0x00000000a2d00000, 0x00000000a2d00000|100%| S|CS|TAMS 0x00000000a2c00000| PB 0x00000000a2c00000| Complete 
|  45|0x00000000a2d00000, 0x00000000a2e00000, 0x00000000a2e00000|100%| S|CS|TAMS 0x00000000a2d00000| PB 0x00000000a2d00000| Complete 
|  46|0x00000000a2e00000, 0x00000000a2f00000, 0x00000000a2f00000|100%| S|CS|TAMS 0x00000000a2e00000| PB 0x00000000a2e00000| Complete 
|  47|0x00000000a2f00000, 0x00000000a3000000, 0x00000000a3000000|100%| S|CS|TAMS 0x00000000a2f00000| PB 0x00000000a2f00000| Complete 
|  48|0x00000000a3000000, 0x00000000a3100000, 0x00000000a3100000|100%| S|CS|TAMS 0x00000000a3000000| PB 0x00000000a3000000| Complete 
|  49|0x00000000a3100000, 0x00000000a3200000, 0x00000000a3200000|100%| S|CS|TAMS 0x00000000a3100000| PB 0x00000000a3100000| Complete 
|  50|0x00000000a3200000, 0x00000000a3200000, 0x00000000a3300000|  0%| F|  |TAMS 0x00000000a3200000| PB 0x00000000a3200000| Untracked 
|  51|0x00000000a3300000, 0x00000000a3300000, 0x00000000a3400000|  0%| F|  |TAMS 0x00000000a3300000| PB 0x00000000a3300000| Untracked 
|  52|0x00000000a3400000, 0x00000000a3400000, 0x00000000a3500000|  0%| F|  |TAMS 0x00000000a3400000| PB 0x00000000a3400000| Untracked 
|  53|0x00000000a3500000, 0x00000000a3500000, 0x00000000a3600000|  0%| F|  |TAMS 0x00000000a3500000| PB 0x00000000a3500000| Untracked 
|  54|0x00000000a3600000, 0x00000000a3600000, 0x00000000a3700000|  0%| F|  |TAMS 0x00000000a3600000| PB 0x00000000a3600000| Untracked 
|  55|0x00000000a3700000, 0x00000000a3700000, 0x00000000a3800000|  0%| F|  |TAMS 0x00000000a3700000| PB 0x00000000a3700000| Untracked 
|  56|0x00000000a3800000, 0x00000000a3800000, 0x00000000a3900000|  0%| F|  |TAMS 0x00000000a3800000| PB 0x00000000a3800000| Untracked 
|  57|0x00000000a3900000, 0x00000000a3900000, 0x00000000a3a00000|  0%| F|  |TAMS 0x00000000a3900000| PB 0x00000000a3900000| Untracked 
|  58|0x00000000a3a00000, 0x00000000a3a00000, 0x00000000a3b00000|  0%| F|  |TAMS 0x00000000a3a00000| PB 0x00000000a3a00000| Untracked 
|  59|0x00000000a3b00000, 0x00000000a3b00000, 0x00000000a3c00000|  0%| F|  |TAMS 0x00000000a3b00000| PB 0x00000000a3b00000| Untracked 
|  60|0x00000000a3c00000, 0x00000000a3c00000, 0x00000000a3d00000|  0%| F|  |TAMS 0x00000000a3c00000| PB 0x00000000a3c00000| Untracked 
|  61|0x00000000a3d00000, 0x00000000a3d00000, 0x00000000a3e00000|  0%| F|  |TAMS 0x00000000a3d00000| PB 0x00000000a3d00000| Untracked 
|  62|0x00000000a3e00000, 0x00000000a3e00000, 0x00000000a3f00000|  0%| F|  |TAMS 0x00000000a3e00000| PB 0x00000000a3e00000| Untracked 
|  63|0x00000000a3f00000, 0x00000000a3f00000, 0x00000000a4000000|  0%| F|  |TAMS 0x00000000a3f00000| PB 0x00000000a3f00000| Untracked 
|  64|0x00000000a4000000, 0x00000000a4000000, 0x00000000a4100000|  0%| F|  |TAMS 0x00000000a4000000| PB 0x00000000a4000000| Untracked 
|  65|0x00000000a4100000, 0x00000000a4100000, 0x00000000a4200000|  0%| F|  |TAMS 0x00000000a4100000| PB 0x00000000a4100000| Untracked 
|  66|0x00000000a4200000, 0x00000000a4200000, 0x00000000a4300000|  0%| F|  |TAMS 0x00000000a4200000| PB 0x00000000a4200000| Untracked 
|  67|0x00000000a4300000, 0x00000000a4300000, 0x00000000a4400000|  0%| F|  |TAMS 0x00000000a4300000| PB 0x00000000a4300000| Untracked 
|  68|0x00000000a4400000, 0x00000000a4400000, 0x00000000a4500000|  0%| F|  |TAMS 0x00000000a4400000| PB 0x00000000a4400000| Untracked 
|  69|0x00000000a4500000, 0x00000000a4500000, 0x00000000a4600000|  0%| F|  |TAMS 0x00000000a4500000| PB 0x00000000a4500000| Untracked 
|  70|0x00000000a4600000, 0x00000000a4600000, 0x00000000a4700000|  0%| F|  |TAMS 0x00000000a4600000| PB 0x00000000a4600000| Untracked 
|  71|0x00000000a4700000, 0x00000000a4700000, 0x00000000a4800000|  0%| F|  |TAMS 0x00000000a4700000| PB 0x00000000a4700000| Untracked 
|  72|0x00000000a4800000, 0x00000000a4800000, 0x00000000a4900000|  0%| F|  |TAMS 0x00000000a4800000| PB 0x00000000a4800000| Untracked 
|  73|0x00000000a4900000, 0x00000000a4900000, 0x00000000a4a00000|  0%| F|  |TAMS 0x00000000a4900000| PB 0x00000000a4900000| Untracked 
|  74|0x00000000a4a00000, 0x00000000a4a00000, 0x00000000a4b00000|  0%| F|  |TAMS 0x00000000a4a00000| PB 0x00000000a4a00000| Untracked 
|  75|0x00000000a4b00000, 0x00000000a4b00000, 0x00000000a4c00000|  0%| F|  |TAMS 0x00000000a4b00000| PB 0x00000000a4b00000| Untracked 
|  76|0x00000000a4c00000, 0x00000000a4c00000, 0x00000000a4d00000|  0%| F|  |TAMS 0x00000000a4c00000| PB 0x00000000a4c00000| Untracked 
|  77|0x00000000a4d00000, 0x00000000a4d00000, 0x00000000a4e00000|  0%| F|  |TAMS 0x00000000a4d00000| PB 0x00000000a4d00000| Untracked 
|  78|0x00000000a4e00000, 0x00000000a4e00000, 0x00000000a4f00000|  0%| F|  |TAMS 0x00000000a4e00000| PB 0x00000000a4e00000| Untracked 
|  79|0x00000000a4f00000, 0x00000000a4f00000, 0x00000000a5000000|  0%| F|  |TAMS 0x00000000a4f00000| PB 0x00000000a4f00000| Untracked 
|  80|0x00000000a5000000, 0x00000000a5000000, 0x00000000a5100000|  0%| F|  |TAMS 0x00000000a5000000| PB 0x00000000a5000000| Untracked 
|  81|0x00000000a5100000, 0x00000000a5100000, 0x00000000a5200000|  0%| F|  |TAMS 0x00000000a5100000| PB 0x00000000a5100000| Untracked 
|  82|0x00000000a5200000, 0x00000000a5200000, 0x00000000a5300000|  0%| F|  |TAMS 0x00000000a5200000| PB 0x00000000a5200000| Untracked 
|  83|0x00000000a5300000, 0x00000000a5300000, 0x00000000a5400000|  0%| F|  |TAMS 0x00000000a5300000| PB 0x00000000a5300000| Untracked 
|  84|0x00000000a5400000, 0x00000000a5400000, 0x00000000a5500000|  0%| F|  |TAMS 0x00000000a5400000| PB 0x00000000a5400000| Untracked 
|  85|0x00000000a5500000, 0x00000000a5500000, 0x00000000a5600000|  0%| F|  |TAMS 0x00000000a5500000| PB 0x00000000a5500000| Untracked 
|  86|0x00000000a5600000, 0x00000000a5600000, 0x00000000a5700000|  0%| F|  |TAMS 0x00000000a5600000| PB 0x00000000a5600000| Untracked 
|  87|0x00000000a5700000, 0x00000000a5700000, 0x00000000a5800000|  0%| F|  |TAMS 0x00000000a5700000| PB 0x00000000a5700000| Untracked 
|  88|0x00000000a5800000, 0x00000000a5800000, 0x00000000a5900000|  0%| F|  |TAMS 0x00000000a5800000| PB 0x00000000a5800000| Untracked 
|  89|0x00000000a5900000, 0x00000000a5900000, 0x00000000a5a00000|  0%| F|  |TAMS 0x00000000a5900000| PB 0x00000000a5900000| Untracked 
|  90|0x00000000a5a00000, 0x00000000a5a00000, 0x00000000a5b00000|  0%| F|  |TAMS 0x00000000a5a00000| PB 0x00000000a5a00000| Untracked 
|  91|0x00000000a5b00000, 0x00000000a5b00000, 0x00000000a5c00000|  0%| F|  |TAMS 0x00000000a5b00000| PB 0x00000000a5b00000| Untracked 
|  92|0x00000000a5c00000, 0x00000000a5c00000, 0x00000000a5d00000|  0%| F|  |TAMS 0x00000000a5c00000| PB 0x00000000a5c00000| Untracked 
|  93|0x00000000a5d00000, 0x00000000a5d00000, 0x00000000a5e00000|  0%| F|  |TAMS 0x00000000a5d00000| PB 0x00000000a5d00000| Untracked 
|  94|0x00000000a5e00000, 0x00000000a5e00000, 0x00000000a5f00000|  0%| F|  |TAMS 0x00000000a5e00000| PB 0x00000000a5e00000| Untracked 
|  95|0x00000000a5f00000, 0x00000000a5f00000, 0x00000000a6000000|  0%| F|  |TAMS 0x00000000a5f00000| PB 0x00000000a5f00000| Untracked 
|  96|0x00000000a6000000, 0x00000000a6000000, 0x00000000a6100000|  0%| F|  |TAMS 0x00000000a6000000| PB 0x00000000a6000000| Untracked 
|  97|0x00000000a6100000, 0x00000000a6100000, 0x00000000a6200000|  0%| F|  |TAMS 0x00000000a6100000| PB 0x00000000a6100000| Untracked 
|  98|0x00000000a6200000, 0x00000000a6200000, 0x00000000a6300000|  0%| F|  |TAMS 0x00000000a6200000| PB 0x00000000a6200000| Untracked 
|  99|0x00000000a6300000, 0x00000000a6300000, 0x00000000a6400000|  0%| F|  |TAMS 0x00000000a6300000| PB 0x00000000a6300000| Untracked 
| 100|0x00000000a6400000, 0x00000000a6400000, 0x00000000a6500000|  0%| F|  |TAMS 0x00000000a6400000| PB 0x00000000a6400000| Untracked 
| 101|0x00000000a6500000, 0x00000000a6500000, 0x00000000a6600000|  0%| F|  |TAMS 0x00000000a6500000| PB 0x00000000a6500000| Untracked 
| 102|0x00000000a6600000, 0x00000000a6600000, 0x00000000a6700000|  0%| F|  |TAMS 0x00000000a6600000| PB 0x00000000a6600000| Untracked 
| 103|0x00000000a6700000, 0x00000000a6700000, 0x00000000a6800000|  0%| F|  |TAMS 0x00000000a6700000| PB 0x00000000a6700000| Untracked 
| 104|0x00000000a6800000, 0x00000000a6800000, 0x00000000a6900000|  0%| F|  |TAMS 0x00000000a6800000| PB 0x00000000a6800000| Untracked 
| 105|0x00000000a6900000, 0x00000000a6900000, 0x00000000a6a00000|  0%| F|  |TAMS 0x00000000a6900000| PB 0x00000000a6900000| Untracked 
| 106|0x00000000a6a00000, 0x00000000a6a00000, 0x00000000a6b00000|  0%| F|  |TAMS 0x00000000a6a00000| PB 0x00000000a6a00000| Untracked 
| 107|0x00000000a6b00000, 0x00000000a6b00000, 0x00000000a6c00000|  0%| F|  |TAMS 0x00000000a6b00000| PB 0x00000000a6b00000| Untracked 
| 108|0x00000000a6c00000, 0x00000000a6c00000, 0x00000000a6d00000|  0%| F|  |TAMS 0x00000000a6c00000| PB 0x00000000a6c00000| Untracked 
| 109|0x00000000a6d00000, 0x00000000a6d00000, 0x00000000a6e00000|  0%| F|  |TAMS 0x00000000a6d00000| PB 0x00000000a6d00000| Untracked 
| 110|0x00000000a6e00000, 0x00000000a6e00000, 0x00000000a6f00000|  0%| F|  |TAMS 0x00000000a6e00000| PB 0x00000000a6e00000| Untracked 
| 111|0x00000000a6f00000, 0x00000000a6f00000, 0x00000000a7000000|  0%| F|  |TAMS 0x00000000a6f00000| PB 0x00000000a6f00000| Untracked 
| 112|0x00000000a7000000, 0x00000000a7000000, 0x00000000a7100000|  0%| F|  |TAMS 0x00000000a7000000| PB 0x00000000a7000000| Untracked 
| 113|0x00000000a7100000, 0x00000000a7100000, 0x00000000a7200000|  0%| F|  |TAMS 0x00000000a7100000| PB 0x00000000a7100000| Untracked 
| 114|0x00000000a7200000, 0x00000000a7200000, 0x00000000a7300000|  0%| F|  |TAMS 0x00000000a7200000| PB 0x00000000a7200000| Untracked 
| 115|0x00000000a7300000, 0x00000000a7300000, 0x00000000a7400000|  0%| F|  |TAMS 0x00000000a7300000| PB 0x00000000a7300000| Untracked 
| 116|0x00000000a7400000, 0x00000000a7400000, 0x00000000a7500000|  0%| F|  |TAMS 0x00000000a7400000| PB 0x00000000a7400000| Untracked 
| 117|0x00000000a7500000, 0x00000000a7500000, 0x00000000a7600000|  0%| F|  |TAMS 0x00000000a7500000| PB 0x00000000a7500000| Untracked 
| 118|0x00000000a7600000, 0x00000000a7600000, 0x00000000a7700000|  0%| F|  |TAMS 0x00000000a7600000| PB 0x00000000a7600000| Untracked 
| 119|0x00000000a7700000, 0x00000000a7700000, 0x00000000a7800000|  0%| F|  |TAMS 0x00000000a7700000| PB 0x00000000a7700000| Untracked 
| 120|0x00000000a7800000, 0x00000000a7800000, 0x00000000a7900000|  0%| F|  |TAMS 0x00000000a7800000| PB 0x00000000a7800000| Untracked 
| 121|0x00000000a7900000, 0x00000000a7900000, 0x00000000a7a00000|  0%| F|  |TAMS 0x00000000a7900000| PB 0x00000000a7900000| Untracked 
| 122|0x00000000a7a00000, 0x00000000a7ac53e0, 0x00000000a7b00000| 77%| E|  |TAMS 0x00000000a7a00000| PB 0x00000000a7a00000| Complete 
| 123|0x00000000a7b00000, 0x00000000a7c00000, 0x00000000a7c00000|100%| E|CS|TAMS 0x00000000a7b00000| PB 0x00000000a7b00000| Complete 

Card table byte_map: [0x00000286fa1a0000,0x00000286fa4a0000] _byte_map_base: 0x00000286f9ca0000

Marking Bits: (CMBitMap*) 0x00000286f6798c80
 Bits: [0x00000286fa4a0000, 0x00000286fbca0000)

Polling page: 0x00000286f46e0000

Metaspace:

Usage:
  Non-class:     14.95 MB used.
      Class:      2.59 MB used.
       Both:     17.55 MB used.

Virtual space:
  Non-class space:       64.00 MB reserved,      15.25 MB ( 24%) committed,  1 nodes.
      Class space:        1.00 GB reserved,       2.88 MB ( <1%) committed,  1 nodes.
             Both:        1.06 GB reserved,      18.12 MB (  2%) committed. 

Chunk freelists:
   Non-Class:  340.00 KB
       Class:  13.17 MB
        Both:  13.50 MB

MaxMetaspaceSize: unlimited
CompressedClassSpaceSize: 1.00 GB
Initial GC threshold: 21.00 MB
Current GC threshold: 21.00 MB
CDS: on
 - commit_granule_bytes: 65536.
 - commit_granule_words: 8192.
 - virtual_space_node_default_size: 8388608.
 - enlarge_chunks_in_place: 1.
 - use_allocation_guard: 0.


Internal statistics:

num_allocs_failed_limit: 0.
num_arena_births: 788.
num_arena_deaths: 0.
num_vsnodes_births: 2.
num_vsnodes_deaths: 0.
num_space_committed: 290.
num_space_uncommitted: 0.
num_chunks_returned_to_freelist: 0.
num_chunks_taken_from_freelist: 1500.
num_chunk_merges: 0.
num_chunk_splits: 959.
num_chunks_enlarged: 612.
num_inconsistent_stats: 0.

CodeHeap 'non-profiled nmethods': size=120000Kb used=1390Kb max_used=1390Kb free=118609Kb
 bounds [0x0000028687ad0000, 0x0000028687d40000, 0x000002868f000000]
CodeHeap 'profiled nmethods': size=120000Kb used=5579Kb max_used=5579Kb free=114420Kb
 bounds [0x0000028680000000, 0x0000028680580000, 0x0000028687530000]
CodeHeap 'non-nmethods': size=5760Kb used=1404Kb max_used=1443Kb free=4356Kb
 bounds [0x0000028687530000, 0x00000286877a0000, 0x0000028687ad0000]
CodeCache: size=245760Kb, used=8373Kb, max_used=8412Kb, free=237385Kb
 total_blobs=3378, nmethods=2819, adapters=463, full_count=0
Compilation: enabled, stopped_count=0, restarted_count=0

Compilation events (20 events):
Event: 8.577 Thread 0x00000286fe905330 2774       3       com.google.common.base.AbstractIterator::<init> (12 bytes)
Event: 8.577 Thread 0x00000286fe905330 nmethod 2774 0x000002868054b690 code [0x000002868054b840, 0x000002868054ba10]
Event: 8.577 Thread 0x00000286fe905330 2777       1       com.google.common.collect.ImmutableMapEntry::getNextInKeyBucket (2 bytes)
Event: 8.578 Thread 0x00000286fe905330 nmethod 2777 0x0000028687c29f90 code [0x0000028687c2a120, 0x0000028687c2a1f0]
Event: 8.578 Thread 0x00000286fe905330 2782       1       com.google.common.collect.ImmutableMapEntry$NonTerminalImmutableMapEntry::getNextInKeyBucket (5 bytes)
Event: 8.578 Thread 0x00000286fe905330 nmethod 2782 0x0000028687c2a290 code [0x0000028687c2a420, 0x0000028687c2a4e8]
Event: 8.594 Thread 0x00000286fe905330 2783       3       java.lang.invoke.InvokerBytecodeGenerator::emitIconstInsn (75 bytes)
Event: 8.596 Thread 0x00000286fe905330 nmethod 2783 0x000002868054bb10 code [0x000002868054bd40, 0x000002868054c5a8]
Event: 8.596 Thread 0x00000286fe905330 2784       3       java.lang.invoke.InvokerBytecodeGenerator::emitArrayOp (113 bytes)
Event: 8.598 Thread 0x00000286fe905330 nmethod 2784 0x000002868054c810 code [0x000002868054ca60, 0x000002868054d230]
Event: 8.603 Thread 0x00000286fe905330 2785       3       java.util.HashMap::putMapEntries (170 bytes)
Event: 8.606 Thread 0x00000286fe905330 nmethod 2785 0x000002868054d590 code [0x000002868054d880, 0x000002868054e708]
Event: 8.985 Thread 0x00000286fe905330 2786       1       javax.management.ObjectName$Property::setKeyIndex (6 bytes)
Event: 8.985 Thread 0x00000286fe905330 nmethod 2786 0x0000028687c2a590 code [0x0000028687c2a720, 0x0000028687c2a7e8]
Event: 8.986 Thread 0x00000286fe905330 2787       1       java.util.Spliterators$EmptySpliterator::characteristics (4 bytes)
Event: 8.986 Thread 0x00000286fe905330 nmethod 2787 0x0000028687c2a890 code [0x0000028687c2aa20, 0x0000028687c2aae8]
Event: 8.986 Thread 0x00000286fe905330 2788       1       sun.management.MemoryPoolImpl::getName (5 bytes)
Event: 8.986 Thread 0x00000286fe905330 nmethod 2788 0x0000028687c2ab90 code [0x0000028687c2ad20, 0x0000028687c2ade8]
Event: 9.031 Thread 0x00000286fe905330 2789       3       java.util.concurrent.locks.ReentrantLock$Sync::isHeldExclusively (16 bytes)
Event: 9.031 Thread 0x00000286fe905330 nmethod 2789 0x000002868054eb90 code [0x000002868054ed40, 0x000002868054eed0]

GC Heap History (4 events):
Event: 1.132 GC heap before
{Heap before GC invocations=0 (full 0):
 garbage-first heap   total 126976K, used 28672K [0x00000000a0000000, 0x0000000100000000)
  region size 1024K, 23 young (23552K), 0 survivors (0K)
 Metaspace       used 3039K, committed 3136K, reserved 1114112K
  class space    used 396K, committed 448K, reserved 1048576K
}
Event: 1.140 GC heap after
{Heap after GC invocations=1 (full 0):
 garbage-first heap   total 126976K, used 8872K [0x00000000a0000000, 0x0000000100000000)
  region size 1024K, 3 young (3072K), 3 survivors (3072K)
 Metaspace       used 3039K, committed 3136K, reserved 1114112K
  class space    used 396K, committed 448K, reserved 1048576K
}
Event: 1.607 GC heap before
{Heap before GC invocations=1 (full 0):
 garbage-first heap   total 126976K, used 38568K [0x00000000a0000000, 0x0000000100000000)
  region size 1024K, 32 young (32768K), 3 survivors (3072K)
 Metaspace       used 3972K, committed 4224K, reserved 1114112K
  class space    used 496K, committed 640K, reserved 1048576K
}
Event: 1.616 GC heap after
{Heap after GC invocations=2 (full 0):
 garbage-first heap   total 126976K, used 13271K [0x00000000a0000000, 0x0000000100000000)
  region size 1024K, 4 young (4096K), 4 survivors (4096K)
 Metaspace       used 3972K, committed 4224K, reserved 1114112K
  class space    used 496K, committed 640K, reserved 1048576K
}

Dll operation events (13 events):
Event: 0.014 Loaded shared library C:\Users\rahee\.antigravity\extensions\redhat.java-1.54.0-win32-x64\jre\21.0.10-win32-x86_64\bin\java.dll
Event: 0.092 Loaded shared library C:\Users\rahee\.antigravity\extensions\redhat.java-1.54.0-win32-x64\jre\21.0.10-win32-x86_64\bin\zip.dll
Event: 0.100 Loaded shared library C:\Users\rahee\.antigravity\extensions\redhat.java-1.54.0-win32-x64\jre\21.0.10-win32-x86_64\bin\net.dll
Event: 0.102 Loaded shared library C:\Users\rahee\.antigravity\extensions\redhat.java-1.54.0-win32-x64\jre\21.0.10-win32-x86_64\bin\nio.dll
Event: 0.106 Loaded shared library C:\Users\rahee\.antigravity\extensions\redhat.java-1.54.0-win32-x64\jre\21.0.10-win32-x86_64\bin\zip.dll
Event: 0.319 Loaded shared library C:\Users\rahee\.antigravity\extensions\redhat.java-1.54.0-win32-x64\jre\21.0.10-win32-x86_64\bin\jimage.dll
Event: 0.380 Loaded shared library C:\Users\rahee\.antigravity\extensions\redhat.java-1.54.0-win32-x64\jre\21.0.10-win32-x86_64\bin\verify.dll
Event: 0.555 Loaded shared library C:\Users\rahee\scoop\apps\gradle\current\.gradle\native\e1d6ef7f7dcc3fd88c89a11ec53ec762bb8ba0a96d01ffa2cd45eb1d1d8dd5c5\windows-amd64\native-platform.dll
Event: 0.976 Loaded shared library C:\Users\rahee\scoop\apps\gradle\current\.gradle\native\0d407fdbe67a94daf76414ababcb853783967236a71b16ec16e742cd7a986fd3\windows-amd64\native-platform-file-events.dll
Event: 1.918 Loaded shared library C:\Users\rahee\.antigravity\extensions\redhat.java-1.54.0-win32-x64\jre\21.0.10-win32-x86_64\bin\management.dll
Event: 1.928 Loaded shared library C:\Users\rahee\.antigravity\extensions\redhat.java-1.54.0-win32-x64\jre\21.0.10-win32-x86_64\bin\management_ext.dll
Event: 2.382 Loaded shared library C:\Users\rahee\.antigravity\extensions\redhat.java-1.54.0-win32-x64\jre\21.0.10-win32-x86_64\bin\extnet.dll
Event: 3.333 Loaded shared library C:\Users\rahee\.antigravity\extensions\redhat.java-1.54.0-win32-x64\jre\21.0.10-win32-x86_64\bin\sunmscapi.dll

Deoptimization events (20 events):
Event: 6.763 Thread 0x00000286d458f4e0 Uncommon trap: trap_request=0xffffff45 fr.pc=0x0000028687ba820c relative=0x000000000000042c
Event: 6.763 Thread 0x00000286d458f4e0 Uncommon trap: reason=unstable_if action=reinterpret pc=0x0000028687ba820c method=java.util.HashMap.getNode(Ljava/lang/Object;)Ljava/util/HashMap$Node; @ 131 c2
Event: 6.763 Thread 0x00000286d458f4e0 DEOPT PACKING pc=0x0000028687ba820c sp=0x000000f4bf6fbcc0
Event: 6.763 Thread 0x00000286d458f4e0 DEOPT UNPACKING pc=0x0000028687584422 sp=0x000000f4bf6fbc40 mode 2
Event: 6.810 Thread 0x00000286d458f4e0 Uncommon trap: trap_request=0xffffff45 fr.pc=0x0000028687bd502c relative=0x000000000000026c
Event: 6.810 Thread 0x00000286d458f4e0 Uncommon trap: reason=unstable_if action=reinterpret pc=0x0000028687bd502c method=java.util.concurrent.ConcurrentHashMap.get(Ljava/lang/Object;)Ljava/lang/Object; @ 76 c2
Event: 6.810 Thread 0x00000286d458f4e0 DEOPT PACKING pc=0x0000028687bd502c sp=0x000000f4bf6fb220
Event: 6.810 Thread 0x00000286d458f4e0 DEOPT UNPACKING pc=0x0000028687584422 sp=0x000000f4bf6fb188 mode 2
Event: 6.887 Thread 0x00000286d458f4e0 Uncommon trap: trap_request=0xffffffcc fr.pc=0x0000028687c00f8c relative=0x000000000000034c
Event: 6.887 Thread 0x00000286d458f4e0 Uncommon trap: reason=intrinsic_or_type_checked_inlining action=make_not_entrant pc=0x0000028687c00f8c method=java.util.Arrays.copyOf([Ljava/lang/Object;ILjava/lang/Class;)[Ljava/lang/Object; @ 35 c2
Event: 6.887 Thread 0x00000286d458f4e0 DEOPT PACKING pc=0x0000028687c00f8c sp=0x000000f4bf6fbeb0
Event: 6.887 Thread 0x00000286d458f4e0 DEOPT UNPACKING pc=0x0000028687584422 sp=0x000000f4bf6fbe40 mode 2
Event: 6.941 Thread 0x00000286d458f4e0 DEOPT PACKING pc=0x00000286803d9f82 sp=0x000000f4bf6faa90
Event: 6.941 Thread 0x00000286d458f4e0 DEOPT UNPACKING pc=0x0000028687584bc2 sp=0x000000f4bf6f9fa0 mode 0
Event: 6.975 Thread 0x00000286d458f4e0 DEOPT PACKING pc=0x00000286803d9f61 sp=0x000000f4bf6f7920
Event: 6.975 Thread 0x00000286d458f4e0 DEOPT UNPACKING pc=0x0000028687584bc2 sp=0x000000f4bf6f6e30 mode 0
Event: 7.076 Thread 0x00000286d458f4e0 DEOPT PACKING pc=0x00000286803d9f61 sp=0x000000f4bf6fa820
Event: 7.076 Thread 0x00000286d458f4e0 DEOPT UNPACKING pc=0x0000028687584bc2 sp=0x000000f4bf6f9d30 mode 0
Event: 7.231 Thread 0x00000286d458f4e0 DEOPT PACKING pc=0x000002868038231f sp=0x000000f4bf6f8c90
Event: 7.231 Thread 0x00000286d458f4e0 DEOPT UNPACKING pc=0x0000028687584bc2 sp=0x000000f4bf6f8168 mode 0

Classes loaded (20 events):
Event: 6.785 Loading class sun/reflect/generics/reflectiveObjects/WildcardTypeImpl
Event: 6.785 Loading class sun/reflect/generics/reflectiveObjects/WildcardTypeImpl done
Event: 6.790 Loading class java/lang/annotation/ElementType
Event: 6.791 Loading class java/lang/annotation/ElementType done
Event: 6.803 Loading class java/lang/Deprecated
Event: 6.804 Loading class java/lang/Deprecated done
Event: 6.808 Loading class jdk/internal/vm/annotation/IntrinsicCandidate
Event: 6.809 Loading class jdk/internal/vm/annotation/IntrinsicCandidate done
Event: 6.935 Loading class java/util/ConcurrentModificationException
Event: 6.936 Loading class java/util/ConcurrentModificationException done
Event: 6.959 Loading class jdk/internal/org/objectweb/asm/ClassReader
Event: 6.962 Loading class jdk/internal/org/objectweb/asm/ClassReader done
Event: 7.326 Loading class java/util/concurrent/atomic/AtomicReferenceFieldUpdater
Event: 7.327 Loading class java/util/concurrent/atomic/AtomicReferenceFieldUpdater done
Event: 7.328 Loading class java/util/concurrent/atomic/AtomicReferenceFieldUpdater$AtomicReferenceFieldUpdaterImpl
Event: 7.328 Loading class java/util/concurrent/atomic/AtomicReferenceFieldUpdater$AtomicReferenceFieldUpdaterImpl done
Event: 7.328 Loading class java/util/concurrent/atomic/AtomicReferenceFieldUpdater$AtomicReferenceFieldUpdaterImpl$1
Event: 7.329 Loading class java/util/concurrent/atomic/AtomicReferenceFieldUpdater$AtomicReferenceFieldUpdaterImpl$1 done
Event: 7.329 Loading class sun/reflect/misc/ReflectUtil
Event: 7.329 Loading class sun/reflect/misc/ReflectUtil done

Classes unloaded (0 events):
No events

Classes redefined (0 events):
No events

Internal exceptions (20 events):
Event: 4.940 Thread 0x00000286d458f4e0 Exception <a 'java/lang/IncompatibleClassChangeError'{0x00000000a504a598}: Found class java.lang.Object, but interface was expected> (0x00000000a504a598) 
thrown [s\src\hotspot\share\interpreter\linkResolver.cpp, line 840]
Event: 4.941 Thread 0x00000286d458f4e0 Exception <a 'java/lang/NoSuchMethodError'{0x00000000a504b528}: 'void java.lang.invoke.DirectMethodHandle$Holder.invokeSpecial(java.lang.Object, java.lang.Object, java.lang.Object)'> (0x00000000a504b528) 
thrown [s\src\hotspot\share\interpreter\linkResolver.cpp, line 773]
Event: 5.007 Thread 0x00000286d458f4e0 Exception <a 'java/lang/NoSuchMethodError'{0x00000000a50c8c90}: 'void java.lang.invoke.DirectMethodHandle$Holder.invokeStaticInit(java.lang.Object)'> (0x00000000a50c8c90) 
thrown [s\src\hotspot\share\interpreter\linkResolver.cpp, line 773]
Event: 5.056 Thread 0x00000286d458f4e0 Exception <a 'java/lang/NoSuchMethodError'{0x00000000a4f607a0}: 'java.lang.Object java.lang.invoke.DirectMethodHandle$Holder.newInvokeSpecial(java.lang.Object, java.lang.Object, java.lang.Object, int)'> (0x00000000a4f607a0) 
thrown [s\src\hotspot\share\interpreter\linkResolver.cpp, line 773]
Event: 5.057 Thread 0x00000286d458f4e0 Exception <a 'java/lang/NoSuchMethodError'{0x00000000a4f65468}: 'java.lang.Object java.lang.invoke.DirectMethodHandle$Holder.invokeSpecial(java.lang.Object, java.lang.Object, java.lang.Object, java.lang.Object, int)'> (0x00000000a4f65468) 
thrown [s\src\hotspot\share\interpreter\linkResolver.cpp, line 773]
Event: 5.057 Thread 0x00000286d458f4e0 Exception <a 'java/lang/NoSuchMethodError'{0x00000000a4f69890}: 'java.lang.Object java.lang.invoke.Invokers$Holder.linkToTargetMethod(java.lang.Object, java.lang.Object, int, java.lang.Object)'> (0x00000000a4f69890) 
thrown [s\src\hotspot\share\interpreter\linkResolver.cpp, line 773]
Event: 5.569 Thread 0x00000286d458f4e0 Exception <a 'java/lang/NoSuchMethodError'{0x00000000a4a622f8}: 'java.lang.Object java.lang.invoke.DirectMethodHandle$Holder.invokeVirtual(java.lang.Object, java.lang.Object, java.lang.Object, java.lang.Object, java.lang.Object, java.lang.Object, java.lang.Object, java.lang.Object, java.lang.Object, java.lang.Object)'> (0x00000000a4a622f8) 
thrown [s\src\hotspot\share\interpreter\linkResolver.cpp, line 773]
Event: 5.664 Thread 0x00000286d458f4e0 Exception <a 'java/lang/NoSuchMethodError'{0x00000000a4944bf8}: 'int java.lang.invoke.DirectMethodHandle$Holder.invokeSpecialIFC(java.lang.Object, java.lang.Object, java.lang.Object, java.lang.Object)'> (0x00000000a4944bf8) 
thrown [s\src\hotspot\share\interpreter\linkResolver.cpp, line 773]
Event: 5.670 Thread 0x00000286d458f4e0 Exception <a 'java/lang/NoSuchMethodError'{0x00000000a49521f8}: 'java.lang.Object java.lang.invoke.DirectMethodHandle$Holder.invokeInterface(java.lang.Object, java.lang.Object, java.lang.Object)'> (0x00000000a49521f8) 
thrown [s\src\hotspot\share\interpreter\linkResolver.cpp, line 773]
Event: 5.670 Thread 0x00000286d458f4e0 Exception <a 'java/lang/IncompatibleClassChangeError'{0x00000000a4955b60}: Found class java.lang.Object, but interface was expected> (0x00000000a4955b60) 
thrown [s\src\hotspot\share\interpreter\linkResolver.cpp, line 840]
Event: 5.682 Thread 0x00000286d458f4e0 Exception <a 'java/lang/NoSuchMethodError'{0x00000000a496b360}: 'java.lang.Object java.lang.invoke.DirectMethodHandle$Holder.newInvokeSpecial(java.lang.Object, java.lang.Object, java.lang.Object, java.lang.Object, java.lang.Object, java.lang.Object, java.lang.Object, java.lang.Object, java.lang.Object, java.lang.Object)'> (0x00000000a496b360) 
thrown [s\src\hotspot\share\interpreter\linkResolver.cpp, line 773]
Event: 5.939 Thread 0x00000286d458f4e0 Exception <a 'java/lang/NoSuchMethodError'{0x00000000a46430a8}: 'int java.lang.invoke.DirectMethodHandle$Holder.invokeStatic(java.lang.Object, java.lang.Object, java.lang.Object, java.lang.Object)'> (0x00000000a46430a8) 
thrown [s\src\hotspot\share\interpreter\linkResolver.cpp, line 773]
Event: 5.943 Thread 0x00000286d458f4e0 Exception <a 'java/lang/NoSuchMethodError'{0x00000000a464ffd8}: 'java.lang.Object java.lang.invoke.DirectMethodHandle$Holder.newInvokeSpecial(java.lang.Object, java.lang.Object, java.lang.Object, java.lang.Object, java.lang.Object, java.lang.Object)'> (0x00000000a464ffd8) 
thrown [s\src\hotspot\share\interpreter\linkResolver.cpp, line 773]
Event: 6.015 Thread 0x00000286d458f4e0 Exception <a 'java/lang/NoSuchMethodError'{0x00000000a45081b0}: 'java.lang.Object java.lang.invoke.DirectMethodHandle$Holder.invokeVirtual(java.lang.Object, java.lang.Object, java.lang.Object, java.lang.Object, java.lang.Object, java.lang.Object, java.lang.Object, java.lang.Object, java.lang.Object, java.lang.Object, java.lang.Object, java.lang.Object, java.lang.Object, java.lang.Object, java.lang.Object, java.lang.Object, java.lang.Object, java.lang.Object, java.lang.Object, java.lang.Object)'> (0x0000000
Event: 6.016 Thread 0x00000286d458f4e0 Exception <a 'java/lang/NoSuchMethodError'{0x00000000a450dca0}: 'java.lang.Object java.lang.invoke.DirectMethodHandle$Holder.invokeSpecial(java.lang.Object, java.lang.Object, java.lang.Object, java.lang.Object, java.lang.Object, java.lang.Object, java.lang.Object, java.lang.Object, java.lang.Object, java.lang.Object, java.lang.Object, java.lang.Object, java.lang.Object, java.lang.Object, java.lang.Object, java.lang.Object, java.lang.Object, java.lang.Object, java.lang.Object, java.lang.Object, java.lang.Ob
Event: 6.017 Thread 0x00000286d458f4e0 Exception <a 'java/lang/NoSuchMethodError'{0x00000000a4512f60}: 'java.lang.Object java.lang.invoke.DelegatingMethodHandle$Holder.reinvoke_L(java.lang.Object, java.lang.Object, java.lang.Object, java.lang.Object, java.lang.Object, java.lang.Object, java.lang.Object, java.lang.Object, java.lang.Object, java.lang.Object, java.lang.Object, java.lang.Object, java.lang.Object, java.lang.Object, java.lang.Object, java.lang.Object, java.lang.Object, java.lang.Object, java.lang.Object, java.lang.Object)'> (0x000000
Event: 6.055 Thread 0x00000286d458f4e0 Exception <a 'java/lang/NoSuchMethodError'{0x00000000a45b2b30}: 'java.lang.Object java.lang.invoke.DirectMethodHandle$Holder.invokeInterface(java.lang.Object, java.lang.Object)'> (0x00000000a45b2b30) 
thrown [s\src\hotspot\share\interpreter\linkResolver.cpp, line 773]
Event: 6.568 Thread 0x00000286d458f4e0 Exception <a 'java/lang/NoSuchMethodError'{0x00000000a3e1d728}: 'void java.lang.invoke.DirectMethodHandle$Holder.invokeStatic(java.lang.Object, java.lang.Object)'> (0x00000000a3e1d728) 
thrown [s\src\hotspot\share\interpreter\linkResolver.cpp, line 773]
Event: 6.944 Thread 0x00000286d458f4e0 Exception <a 'java/lang/NoSuchMethodError'{0x00000000a3a64e38}: 'void java.lang.invoke.DirectMethodHandle$Holder.invokeSpecial(java.lang.Object, java.lang.Object, java.lang.Object, java.lang.Object, java.lang.Object, java.lang.Object, java.lang.Object)'> (0x00000000a3a64e38) 
thrown [s\src\hotspot\share\interpreter\linkResolver.cpp, line 773]
Event: 7.350 Thread 0x00000286d458f4e0 Exception <a 'java/lang/NoSuchMethodError'{0x00000000a3550040}: 'int java.lang.invoke.DirectMethodHandle$Holder.invokeStaticInit(java.lang.Object, java.lang.Object, java.lang.Object)'> (0x00000000a3550040) 
thrown [s\src\hotspot\share\interpreter\linkResolver.cpp, line 773]

ZGC Phase Switch (0 events):
No events

VM Operations (20 events):
Event: 3.156 Executing safepoint VM operation: Cleanup
Event: 3.157 Executing safepoint VM operation: Cleanup done
Event: 3.245 Executing non-safepoint VM operation: HandshakeAllThreads (Deoptimize)
Event: 3.245 Executing non-safepoint VM operation: HandshakeAllThreads (Deoptimize) done
Event: 4.250 Executing safepoint VM operation: Cleanup
Event: 4.250 Executing safepoint VM operation: Cleanup done
Event: 4.681 Executing non-safepoint VM operation: HandshakeAllThreads (Deoptimize)
Event: 4.681 Executing non-safepoint VM operation: HandshakeAllThreads (Deoptimize) done
Event: 4.682 Executing non-safepoint VM operation: HandshakeAllThreads (Deoptimize)
Event: 4.682 Executing non-safepoint VM operation: HandshakeAllThreads (Deoptimize) done
Event: 5.051 Executing non-safepoint VM operation: HandshakeAllThreads (Deoptimize)
Event: 5.051 Executing non-safepoint VM operation: HandshakeAllThreads (Deoptimize) done
Event: 6.058 Executing safepoint VM operation: Cleanup
Event: 6.059 Executing safepoint VM operation: Cleanup done
Event: 7.074 Executing safepoint VM operation: Cleanup
Event: 7.074 Executing safepoint VM operation: Cleanup done
Event: 8.090 Executing safepoint VM operation: Cleanup
Event: 8.567 Executing safepoint VM operation: Cleanup done
Event: 9.575 Executing safepoint VM operation: Cleanup
Event: 9.575 Executing safepoint VM operation: Cleanup done

Memory protections (0 events):
No events

Nmethod flushes (0 events):
No events

Events (20 events):
Event: 1.213 Thread 0x00000286fe8fc4b0 Thread added: 0x00000286ff4e77b0
Event: 1.974 Thread 0x00000286f42f9390 Thread added: 0x00000286d4fad7d0
Event: 2.312 Thread 0x00000286ff4e77b0 Thread exited: 0x00000286ff4e77b0
Event: 2.424 Thread 0x00000286f42f9390 Thread added: 0x00000286d4900fa0
Event: 3.049 Thread 0x00000286f42f9390 Thread added: 0x00000286d47bec10
Event: 3.419 Thread 0x00000286d4900fa0 Thread added: 0x00000286d4a57f10
Event: 3.428 Thread 0x00000286d4a57f10 Thread added: 0x00000286d4c34040
Event: 3.532 Thread 0x00000286d4a57f10 Thread added: 0x00000286d4230b20
Event: 3.568 Thread 0x00000286d4a57f10 Thread added: 0x00000286d458f4e0
Event: 3.607 Thread 0x00000286d458f4e0 Thread added: 0x00000286d45765a0
Event: 3.621 Thread 0x00000286d458f4e0 Thread added: 0x00000286d4579a20
Event: 3.648 Thread 0x00000286d458f4e0 Thread added: 0x00000286d4576c30
Event: 4.631 Thread 0x00000286fe905330 Thread added: 0x00000286d513d520
Event: 4.964 Thread 0x00000286d513d520 Thread exited: 0x00000286d513d520
Event: 5.052 Thread 0x00000286d458f4e0 Thread added: 0x00000286d45772c0
Event: 5.119 Thread 0x00000286d458f4e0 Thread added: 0x00000286d4577950
Event: 5.356 Thread 0x00000286d458f4e0 Thread added: 0x00000286d4577fe0
Event: 5.993 Thread 0x00000286fe905330 Thread added: 0x00000286d5060860
Event: 6.421 Thread 0x00000286d5060860 Thread exited: 0x00000286d5060860
Event: 6.773 Thread 0x00000286fe905330 Thread added: 0x00000286d62faf20


Dynamic libraries:
0x00007ff70a680000 - 0x00007ff70a68e000 	C:\Users\rahee\.antigravity\extensions\redhat.java-1.54.0-win32-x64\jre\21.0.10-win32-x86_64\bin\java.exe
0x00007ff9e8220000 - 0x00007ff9e8487000 	C:\WINDOWS\SYSTEM32\ntdll.dll
0x00007ff9e7190000 - 0x00007ff9e7259000 	C:\WINDOWS\System32\KERNEL32.DLL
0x00007ff9e5a00000 - 0x00007ff9e5df7000 	C:\WINDOWS\System32\KERNELBASE.dll
0x00007ff9e4ec0000 - 0x00007ff9e500b000 	C:\WINDOWS\System32\ucrtbase.dll
0x00007ff9bfaf0000 - 0x00007ff9bfb08000 	C:\Users\rahee\.antigravity\extensions\redhat.java-1.54.0-win32-x64\jre\21.0.10-win32-x86_64\bin\jli.dll
0x00007ff9bfa70000 - 0x00007ff9bfa8e000 	C:\Users\rahee\.antigravity\extensions\redhat.java-1.54.0-win32-x64\jre\21.0.10-win32-x86_64\bin\VCRUNTIME140.dll
0x00007ff9e6630000 - 0x00007ff9e67f6000 	C:\WINDOWS\System32\USER32.dll
0x00007ff9e5eb0000 - 0x00007ff9e5ed7000 	C:\WINDOWS\System32\win32u.dll
0x00007ff9e64f0000 - 0x00007ff9e651b000 	C:\WINDOWS\System32\GDI32.dll
0x00007ff9e4d00000 - 0x00007ff9e4e2c000 	C:\WINDOWS\System32\gdi32full.dll
0x00007ff9c9140000 - 0x00007ff9c93d2000 	C:\WINDOWS\WinSxS\amd64_microsoft.windows.common-controls_6595b64144ccf1df_6.0.26100.8457_none_3e0b2faee331e92d\COMCTL32.dll
0x00007ff9e4c50000 - 0x00007ff9e4cf3000 	C:\WINDOWS\System32\msvcp_win.dll
0x00007ff9e6f90000 - 0x00007ff9e7039000 	C:\WINDOWS\System32\msvcrt.dll
0x00007ff9e7a90000 - 0x00007ff9e7ac2000 	C:\WINDOWS\System32\IMM32.DLL
0x00007ff9e1cf0000 - 0x00007ff9e1cfc000 	C:\Users\rahee\.antigravity\extensions\redhat.java-1.54.0-win32-x64\jre\21.0.10-win32-x86_64\bin\vcruntime140_1.dll
0x00007ff9a8c50000 - 0x00007ff9a8cdd000 	C:\Users\rahee\.antigravity\extensions\redhat.java-1.54.0-win32-x64\jre\21.0.10-win32-x86_64\bin\msvcp140.dll
0x00007ff8f8d80000 - 0x00007ff8f9b21000 	C:\Users\rahee\.antigravity\extensions\redhat.java-1.54.0-win32-x64\jre\21.0.10-win32-x86_64\bin\server\jvm.dll
0x00007ff9e7040000 - 0x00007ff9e70f6000 	C:\WINDOWS\System32\ADVAPI32.dll
0x00007ff9e79e0000 - 0x00007ff9e7a87000 	C:\WINDOWS\System32\sechost.dll
0x00007ff9e7f70000 - 0x00007ff9e8088000 	C:\WINDOWS\System32\RPCRT4.dll
0x00007ff9e6460000 - 0x00007ff9e64e0000 	C:\WINDOWS\System32\WS2_32.dll
0x00007ff9e4ad0000 - 0x00007ff9e4b2e000 	C:\WINDOWS\SYSTEM32\POWRPROF.dll
0x00007ff9cb700000 - 0x00007ff9cb70b000 	C:\WINDOWS\SYSTEM32\VERSION.dll
0x00007ff9ddf00000 - 0x00007ff9ddf36000 	C:\WINDOWS\SYSTEM32\WINMM.dll
0x00007ff9e4ab0000 - 0x00007ff9e4ac4000 	C:\WINDOWS\SYSTEM32\UMPDC.dll
0x00007ff9e39e0000 - 0x00007ff9e39fb000 	C:\WINDOWS\SYSTEM32\kernel.appcore.dll
0x00007ff9dd2e0000 - 0x00007ff9dd2ea000 	C:\Users\rahee\.antigravity\extensions\redhat.java-1.54.0-win32-x64\jre\21.0.10-win32-x86_64\bin\jimage.dll
0x00007ff9e2af0000 - 0x00007ff9e2d32000 	C:\WINDOWS\SYSTEM32\DBGHELP.DLL
0x00007ff9e6080000 - 0x00007ff9e6403000 	C:\WINDOWS\System32\combase.dll
0x00007ff9e5fa0000 - 0x00007ff9e6079000 	C:\WINDOWS\System32\OLEAUT32.dll
0x00007ff9dd0f0000 - 0x00007ff9dd12b000 	C:\WINDOWS\SYSTEM32\dbgcore.DLL
0x00007ff9e5e00000 - 0x00007ff9e5ea8000 	C:\WINDOWS\System32\bcryptPrimitives.dll
0x00007ff9bf9a0000 - 0x00007ff9bf9c0000 	C:\Users\rahee\.antigravity\extensions\redhat.java-1.54.0-win32-x64\jre\21.0.10-win32-x86_64\bin\java.dll
0x00007ff9e7260000 - 0x00007ff9e79ce000 	C:\WINDOWS\System32\SHELL32.dll
0x00007ff9e5190000 - 0x00007ff9e59fc000 	C:\WINDOWS\System32\windows.storage.dll
0x00007ff9e6520000 - 0x00007ff9e6616000 	C:\WINDOWS\System32\SHCORE.dll
0x00007ff9e7cc0000 - 0x00007ff9e7d26000 	C:\WINDOWS\System32\shlwapi.dll
0x00007ff9e4b70000 - 0x00007ff9e4b99000 	C:\WINDOWS\SYSTEM32\profapi.dll
0x00007ff9c09b0000 - 0x00007ff9c09c8000 	C:\Users\rahee\.antigravity\extensions\redhat.java-1.54.0-win32-x64\jre\21.0.10-win32-x86_64\bin\zip.dll
0x00007ff9d4510000 - 0x00007ff9d4520000 	C:\Users\rahee\.antigravity\extensions\redhat.java-1.54.0-win32-x64\jre\21.0.10-win32-x86_64\bin\net.dll
0x00007ff9dc900000 - 0x00007ff9dca29000 	C:\WINDOWS\SYSTEM32\WINHTTP.dll
0x00007ff9e3f50000 - 0x00007ff9e3fbc000 	C:\WINDOWS\system32\mswsock.dll
0x00007ff9bfd90000 - 0x00007ff9bfda6000 	C:\Users\rahee\.antigravity\extensions\redhat.java-1.54.0-win32-x64\jre\21.0.10-win32-x86_64\bin\nio.dll
0x00007ff9cc5d0000 - 0x00007ff9cc5e0000 	C:\Users\rahee\.antigravity\extensions\redhat.java-1.54.0-win32-x64\jre\21.0.10-win32-x86_64\bin\verify.dll
0x00007ff9bfbb0000 - 0x00007ff9bfbd7000 	C:\Users\rahee\scoop\apps\gradle\current\.gradle\native\e1d6ef7f7dcc3fd88c89a11ec53ec762bb8ba0a96d01ffa2cd45eb1d1d8dd5c5\windows-amd64\native-platform.dll
0x00007ff95c5f0000 - 0x00007ff95c734000 	C:\Users\rahee\scoop\apps\gradle\current\.gradle\native\0d407fdbe67a94daf76414ababcb853783967236a71b16ec16e742cd7a986fd3\windows-amd64\native-platform-file-events.dll
0x00007ff9e1d70000 - 0x00007ff9e1d7a000 	C:\Users\rahee\.antigravity\extensions\redhat.java-1.54.0-win32-x64\jre\21.0.10-win32-x86_64\bin\management.dll
0x00007ff9e1d10000 - 0x00007ff9e1d1c000 	C:\Users\rahee\.antigravity\extensions\redhat.java-1.54.0-win32-x64\jre\21.0.10-win32-x86_64\bin\management_ext.dll
0x00007ff9e7dc0000 - 0x00007ff9e7dc8000 	C:\WINDOWS\System32\PSAPI.DLL
0x00007ff9e4230000 - 0x00007ff9e424b000 	C:\WINDOWS\SYSTEM32\CRYPTSP.dll
0x00007ff9e3940000 - 0x00007ff9e3979000 	C:\WINDOWS\system32\rsaenh.dll
0x00007ff9e4000000 - 0x00007ff9e4033000 	C:\WINDOWS\SYSTEM32\USERENV.dll
0x00007ff9e4b40000 - 0x00007ff9e4b6a000 	C:\WINDOWS\SYSTEM32\bcrypt.dll
0x00007ff9e4250000 - 0x00007ff9e425c000 	C:\WINDOWS\SYSTEM32\CRYPTBASE.dll
0x00007ff9e3360000 - 0x00007ff9e3392000 	C:\WINDOWS\SYSTEM32\IPHLPAPI.DLL
0x00007ff9e7d30000 - 0x00007ff9e7d3a000 	C:\WINDOWS\System32\NSI.dll
0x00007ff9cc190000 - 0x00007ff9cc199000 	C:\Users\rahee\.antigravity\extensions\redhat.java-1.54.0-win32-x64\jre\21.0.10-win32-x86_64\bin\extnet.dll
0x00007ff9cc4f0000 - 0x00007ff9cc4fe000 	C:\Users\rahee\.antigravity\extensions\redhat.java-1.54.0-win32-x64\jre\21.0.10-win32-x86_64\bin\sunmscapi.dll
0x00007ff9e5010000 - 0x00007ff9e5188000 	C:\WINDOWS\System32\CRYPT32.dll
0x00007ff9e4450000 - 0x00007ff9e4480000 	C:\WINDOWS\SYSTEM32\ncrypt.dll
0x00007ff9e4400000 - 0x00007ff9e443f000 	C:\WINDOWS\SYSTEM32\NTASN1.dll
0x00007ff9bc010000 - 0x00007ff9bc018000 	C:\WINDOWS\system32\wshunix.dll

JVMTI agents: none

dbghelp: loaded successfully - version: 4.0.5 - missing functions: none
symbol engine: initialized successfully - sym options: 0x614 - pdb path: .;C:\Users\rahee\.antigravity\extensions\redhat.java-1.54.0-win32-x64\jre\21.0.10-win32-x86_64\bin;C:\WINDOWS\SYSTEM32;C:\WINDOWS\WinSxS\amd64_microsoft.windows.common-controls_6595b64144ccf1df_6.0.26100.8457_none_3e0b2faee331e92d;C:\Users\rahee\.antigravity\extensions\redhat.java-1.54.0-win32-x64\jre\21.0.10-win32-x86_64\bin\server;C:\Users\rahee\scoop\apps\gradle\current\.gradle\native\e1d6ef7f7dcc3fd88c89a11ec53ec762bb8ba0a96d01ffa2cd45eb1d1d8dd5c5\windows-amd64;C:\Users\rahee\scoop\apps\gradle\current\.gradle\native\0d407fdbe67a94daf76414ababcb853783967236a71b16ec16e742cd7a986fd3\windows-amd64

VM Arguments:
jvm_args: --add-opens=java.base/java.util=ALL-UNNAMED --add-opens=java.base/java.lang=ALL-UNNAMED --add-opens=java.base/java.lang.invoke=ALL-UNNAMED --add-opens=java.base/java.util=ALL-UNNAMED --add-opens=java.prefs/java.util.prefs=ALL-UNNAMED --add-opens=java.prefs/java.util.prefs=ALL-UNNAMED --add-opens=java.base/java.nio.charset=ALL-UNNAMED --add-opens=java.base/java.net=ALL-UNNAMED --add-opens=java.base/java.util.concurrent.atomic=ALL-UNNAMED -Xmx1536M -Dfile.encoding=utf8 -Duser.country=MY -Duser.language=en -Duser.variant 
java_command: org.gradle.launcher.daemon.bootstrap.GradleDaemon 7.4.2
java_class_path (initial): C:\Users\rahee\scoop\apps\gradle\current\.gradle\wrapper\dists\gradle-7.4.2-bin\48ivgl02cpt2ed3fh9dbalvx8\gradle-7.4.2\lib\gradle-launcher-7.4.2.jar
Launcher Type: SUN_STANDARD

[Global flags]
     intx CICompilerCount                          = 4                                         {product} {ergonomic}
     uint ConcGCThreads                            = 3                                         {product} {ergonomic}
     uint G1ConcRefinementThreads                  = 10                                        {product} {ergonomic}
   size_t G1HeapRegionSize                         = 1048576                                   {product} {ergonomic}
    uintx GCDrainStackTargetSize                   = 64                                        {product} {ergonomic}
   size_t InitialHeapSize                          = 130023424                                 {product} {ergonomic}
   size_t MarkStackSize                            = 4194304                                   {product} {ergonomic}
   size_t MaxHeapSize                              = 1610612736                                {product} {command line}
   size_t MaxNewSize                               = 965738496                                 {product} {ergonomic}
   size_t MinHeapDeltaBytes                        = 1048576                                   {product} {ergonomic}
   size_t MinHeapSize                              = 8388608                                   {product} {ergonomic}
    uintx NonNMethodCodeHeapSize                   = 5839372                                {pd product} {ergonomic}
    uintx NonProfiledCodeHeapSize                  = 122909434                              {pd product} {ergonomic}
    uintx ProfiledCodeHeapSize                     = 122909434                              {pd product} {ergonomic}
    uintx ReservedCodeCacheSize                    = 251658240                              {pd product} {ergonomic}
     bool SegmentedCodeCache                       = true                                      {product} {ergonomic}
   size_t SoftMaxHeapSize                          = 1610612736                             {manageable} {ergonomic}
     bool UseCompressedOops                        = true                           {product lp64_product} {ergonomic}
     bool UseG1GC                                  = true                                      {product} {ergonomic}
     bool UseLargePagesIndividualAllocation        = false                                  {pd product} {ergonomic}

Logging:
Log output configuration:
 #0: stdout all=warning uptime,level,tags foldmultilines=false
 #1: stderr all=off uptime,level,tags foldmultilines=false

Release file:
JAVA_VERSION="21.0.10" 
MODULES="java.base java.compiler java.datatransfer java.xml java.prefs java.desktop java.instrument java.logging java.management java.security.sasl java.naming java.rmi java.management.rmi java.net.http java.scripting java.security.jgss java.transaction.xa java.sql java.sql.rowset java.xml.crypto java.se java.smartcardio jdk.accessibility jdk.internal.jvmstat jdk.attach jdk.charsets jdk.internal.opt jdk.zipfs jdk.compiler jdk.crypto.ec jdk.crypto.cryptoki jdk.crypto.mscapi jdk.dynalink jdk.internal.ed jdk.editpad jdk.hotspot.agent jdk.httpserver jdk.internal.le jdk.internal.vm.ci jdk.internal.vm.compiler jdk.internal.vm.compiler.management jdk.jartool jdk.javadoc jdk.jcmd jdk.management jdk.management.agent jdk.jconsole jdk.jdeps jdk.jdwp.agent jdk.jdi jdk.jfr jdk.jshell jdk.jsobject jdk.jstatd jdk.localedata jdk.management.jfr jdk.naming.dns jdk.naming.rmi jdk.net jdk.nio.mapmode jdk.random jdk.sctp jdk.security.auth jdk.security.jgss jdk.unsupported jdk.unsupported.desktop jdk.xml.dom" 

Environment Variables:
JAVA_HOME=C:\Program Files\Eclipse Adoptium\jdk-17.0.16.8-hotspot
PATH=C:\Program Files\Eclipse Adoptium\jdk-17.0.16.8-hotspot\bin;C:\Program Files\Eclipse Adoptium\jdk-21.0.8.9-hotspot\bin;C:\Program Files\Common Files\Oracle\Java\javapath;C:\WINDOWS\system32;C:\WINDOWS;C:\WINDOWS\System32\Wbem;C:\WINDOWS\System32\WindowsPowerShell\v1.0\;C:\WINDOWS\System32\OpenSSH\;C:\Program Files\dotnet\;C:\Program Files\nodejs\;C:\ProgramData\chocolatey\bin;C:\Program Files\Git\cmd;C:\Program Files\Docker\Docker\resources\bin;C:\Users\rahee\develop\flutter\bin;C:\Users\rahee\AppData\Local\Programs\Python\Launcher\;C:\Users\rahee\scoop\shims;C:\Program Files\Common Files\Oracle\Java\javapath;C:\Windows\system32;C:\Windows;C:\Windows\System32\Wbem;C:\Windows\System32\WindowsPowerShell\v1.0\;C:\Windows\System32\OpenSSH\;C:\Program Files\dotnet\;C:\Program Files\nodejs\;C:\ProgramData\chocolatey\bin;C:\Users\rahee\AppData\Local\Microsoft\WindowsApps;C:\Users\rahee\AppData\Local\Programs\Microsoft VS Code\bin;C:\Users\rahee\AppData\Roaming\npm;C:\Program Files\Eclipse Adoptium\jdk-17.0.16.8-hotspot\bin;C:\Users\rahee\AppData\Local\Android\Sdk\tools;C:\Users\rahee\AppData\Local\Android\Sdk\tools\bin;C:\Users\rahee\AppData\Local\Android\Sdk\platform-tools;C:\Users\rahee\AppData\Local\Microsoft\WindowsApps;C:\Users\rahee\AppData\Local\GitHubDesktop\bin;C:\Program Files\PostgreSQL\15;C:\Users\rahee\AppData\Local\Programs\Antigravity\bin;C:\Users\rahee\AppData\Local\Microsoft\WinGet\Packages\oschwartz10612.Poppler_Microsoft.Winget.Source_8wekyb3d8bbwe\poppler-25.07.0\Library\bin;/c/Users/rahee/AppData/Local/Microsoft/WinGet/Packages/oschwartz10612.Poppler_Microsoft.Winget.Source_8wekyb3d8bbwe/poppler-25.07.0/Library/bin;C:\Program Files\Tesseract-OCR;C:\Users\rahee\AppData\Local\Microsoft\WinGet\Packages\Gyan.FFmpeg.Essentials_Microsoft.Winget.Source_8wekyb3d8bbwe\ffmpeg-8.1-essentials_build\bin;C:\Users\rahee\AppData\Local\Microsoft\WinGet\Packages\Gyan.FFmpeg_Microsoft.Winget.Source_8wekyb3d8bbwe\ffmpeg-8.1-full_build\bin;
USERNAME=Abdul Raheem
OS=Windows_NT
PROCESSOR_IDENTIFIER=Intel64 Family 6 Model 186 Stepping 3, GenuineIntel
TMP=C:\Users\rahee\AppData\Local\Temp
TEMP=C:\Users\rahee\AppData\Local\Temp




Periodic native trim disabled

---------------  S Y S T E M  ---------------

OS:
 Windows 11 , 64 bit Build 26100 (10.0.26100.8328)
OS uptime: 4 days 6:27 hours
Hyper-V role detected

CPU: total 12 (initial active 12) (6 cores per cpu, 2 threads per core) family 6 model 186 stepping 3 microcode 0x6134, cx8, cmov, fxsr, ht, mmx, 3dnowpref, sse, sse2, sse3, ssse3, sse4.1, sse4.2, popcnt, lzcnt, tsc, tscinvbit, avx, avx2, aes, erms, clmul, bmi1, bmi2, adx, sha, fma, vzeroupper, clflush, clflushopt, clwb, hv, serialize, rdtscp, rdpid, fsrm, f16c, cet_ibt, cet_ss
Processor Information for the first 12 processors :
  Max Mhz: 1300, Current Mhz: 1300, Mhz Limit: 1300

Memory: 4k page, system-wide physical 7876M (585M free)
TotalPageFile size 32452M (AvailPageFile size 0M)
current process WorkingSet (physical memory assigned to process): 210M, peak: 210M
current process commit charge ("private bytes"): 287M, peak: 287M

vm_info: OpenJDK 64-Bit Server VM (21.0.10+7-LTS) for windows-amd64 JRE (21.0.10+7-LTS), built on 2026-01-20T00:00:00Z by "admin" with MS VC++ 17.12 (VS2022)

END.
